#! /opt/homebrew/Cellar/icarus-verilog/12.0/bin/vvp
:ivl_version "12.0 (stable)";
:ivl_delay_selection "TYPICAL";
:vpi_time_precision + 0;
:vpi_module "/opt/homebrew/Cellar/icarus-verilog/12.0/lib/ivl/system.vpi";
:vpi_module "/opt/homebrew/Cellar/icarus-verilog/12.0/lib/ivl/vhdl_sys.vpi";
:vpi_module "/opt/homebrew/Cellar/icarus-verilog/12.0/lib/ivl/vhdl_textio.vpi";
:vpi_module "/opt/homebrew/Cellar/icarus-verilog/12.0/lib/ivl/v2005_math.vpi";
:vpi_module "/opt/homebrew/Cellar/icarus-verilog/12.0/lib/ivl/va_math.vpi";
S_0x12be04080 .scope module, "testbench" "testbench" 2 1;
 .timescale 0 0;
v0x6000001953b0_0 .var "clock_reset", 1 0;
v0x600000195440_0 .var "i", 0 0;
v0x6000001954d0_0 .net "o", 2 0, L_0x6000002940a0;  1 drivers
v0x600000195560_0 .var "rust_out", 2 0;
S_0x12bf04080 .scope module, "t" "uut" 2 6, 2 179 0, S_0x12be04080;
 .timescale 0 0;
    .port_info 0 /INPUT 2 "clock_reset";
    .port_info 1 /INPUT 1 "i";
    .port_info 2 /OUTPUT 3 "o";
v0x600000195050_0 .net "clock_reset", 1 0, v0x6000001953b0_0;  1 drivers
v0x6000001950e0_0 .net "d", 2 0, L_0x600000294280;  1 drivers
v0x600000195170_0 .net "i", 0 0, v0x600000195440_0;  1 drivers
v0x600000195200_0 .net "o", 2 0, L_0x6000002940a0;  alias, 1 drivers
v0x600000195290_0 .net "od", 5 0, L_0x600000294320;  1 drivers
v0x600000195320_0 .net "q", 2 0, v0x600000194750_0;  1 drivers
L_0x6000002940a0 .part L_0x600000294320, 0, 3;
L_0x600000294280 .part L_0x600000294320, 3, 3;
L_0x600000294320 .ufunc/vec4 TD_testbench.t.kernel_counter, 6, v0x6000001953b0_0, v0x600000195440_0, v0x600000194750_0 (v0x600000194870_0, v0x600000194900_0, v0x600000194990_0) S_0x13bf070b0;
S_0x12bf041f0 .scope module, "c0" "uut_count" 2 184, 2 217 0, S_0x12bf04080;
 .timescale 0 0;
    .port_info 0 /INPUT 2 "clock_reset";
    .port_info 1 /INPUT 3 "i";
    .port_info 2 /OUTPUT 3 "o";
v0x600000190000_0 .net "clock", 0 0, L_0x600000294140;  1 drivers
v0x600000194630_0 .net "clock_reset", 1 0, v0x6000001953b0_0;  alias, 1 drivers
v0x6000001946c0_0 .net "i", 2 0, L_0x600000294280;  alias, 1 drivers
v0x600000194750_0 .var "o", 2 0;
v0x6000001947e0_0 .net "reset", 0 0, L_0x6000002941e0;  1 drivers
E_0x600002698000 .event posedge, v0x600000190000_0;
L_0x600000294140 .part v0x6000001953b0_0, 0, 1;
L_0x6000002941e0 .part v0x6000001953b0_0, 1, 1;
S_0x13bf070b0 .scope function.vec4.s6, "kernel_counter" "kernel_counter" 2 187, 2 187 0, S_0x12bf04080;
 .timescale 0 0;
P_0x600000691500 .param/l "l0" 1 2 198, C4<001>;
P_0x600000691540 .param/l "l1" 1 2 199, C4<000>;
P_0x600000691580 .param/l "l2" 1 2 200, C4<000>;
v0x600000194870_0 .var "arg_0", 1 0;
v0x600000194900_0 .var "arg_1", 0 0;
v0x600000194990_0 .var "arg_2", 2 0;
; Variable kernel_counter is vec4 return value of scope S_0x13bf070b0
v0x600000194ab0_0 .var "r0", 2 0;
v0x600000194b40_0 .var "r1", 2 0;
v0x600000194bd0_0 .var "r2", 2 0;
v0x600000194c60_0 .var "r3", 0 0;
v0x600000194cf0_0 .var "r4", 0 0;
v0x600000194d80_0 .var "r5", 1 0;
v0x600000194e10_0 .var "r6", 0 0;
v0x600000194ea0_0 .var "r7", 2 0;
v0x600000194f30_0 .var "r8", 2 0;
v0x600000194fc0_0 .var "r9", 5 0;
TD_testbench.t.kernel_counter ;
    %load/vec4 v0x600000194870_0;
    %store/vec4 v0x600000194d80_0, 0, 2;
    %load/vec4 v0x600000194900_0;
    %store/vec4 v0x600000194c60_0, 0, 1;
    %load/vec4 v0x600000194990_0;
    %store/vec4 v0x600000194ab0_0, 0, 3;
    %load/vec4 v0x600000194ab0_0;
    %addi 1, 0, 3;
    %store/vec4 v0x600000194b40_0, 0, 3;
    %load/vec4 v0x600000194c60_0;
    %flag_set/vec4 8;
    %jmp/0 T_0.0, 8;
    %load/vec4 v0x600000194b40_0;
    %jmp/1 T_0.1, 8;
T_0.0 ; End of true expr.
    %load/vec4 v0x600000194ab0_0;
    %jmp/0 T_0.1, 8;
 ; End of false expr.
    %blend;
T_0.1;
    %store/vec4 v0x600000194bd0_0, 0, 3;
    %load/vec4 v0x600000194d80_0;
    %parti/s 1, 1, 2;
    %store/vec4 v0x600000194cf0_0, 0, 1;
    %load/vec4 v0x600000194cf0_0;
    %or/r;
    %store/vec4 v0x600000194e10_0, 0, 1;
    %load/vec4 v0x600000194e10_0;
    %flag_set/vec4 8;
    %jmp/0 T_0.2, 8;
    %pushi/vec4 0, 0, 3;
    %jmp/1 T_0.3, 8;
T_0.2 ; End of true expr.
    %load/vec4 v0x600000194bd0_0;
    %jmp/0 T_0.3, 8;
 ; End of false expr.
    %blend;
T_0.3;
    %store/vec4 v0x600000194ea0_0, 0, 3;
    %pushi/vec4 0, 0, 3;
    %store/vec4 v0x600000194f30_0, 0, 3;
    %load/vec4 v0x600000194ea0_0;
    %store/vec4 v0x600000194f30_0, 0, 3;
    %load/vec4 v0x600000194f30_0;
    %load/vec4 v0x600000194ab0_0;
    %concat/vec4; draw_concat_vec4
    %store/vec4 v0x600000194fc0_0, 0, 6;
    %load/vec4 v0x600000194fc0_0;
    %ret/vec4 0, 0, 6;  Assign to kernel_counter (store_vec4_to_lval)
    %end;
    .scope S_0x12bf041f0;
T_1 ;
    %pushi/vec4 0, 0, 3;
    %store/vec4 v0x600000194750_0, 0, 3;
    %end;
    .thread T_1;
    .scope S_0x12bf041f0;
T_2 ;
    %wait E_0x600002698000;
    %load/vec4 v0x6000001947e0_0;
    %flag_set/vec4 8;
    %jmp/0xz  T_2.0, 8;
    %pushi/vec4 0, 0, 3;
    %assign/vec4 v0x600000194750_0, 0;
    %jmp T_2.1;
T_2.0 ;
    %load/vec4 v0x6000001946c0_0;
    %assign/vec4 v0x600000194750_0, 0;
T_2.1 ;
    %jmp T_2;
    .thread T_2;
    .scope S_0x12be04080;
T_3 ;
    %delay 0, 0;
    %pushi/vec4 2, 0, 2;
    %store/vec4 v0x6000001953b0_0, 0, 2;
    %pushi/vec4 0, 0, 1;
    %store/vec4 v0x600000195440_0, 0, 1;
    %pushi/vec4 0, 0, 3;
    %store/vec4 v0x600000195560_0, 0, 3;
    %delay 1, 0;
    %load/vec4 v0x6000001954d0_0;
    %load/vec4 v0x600000195560_0;
    %cmp/ne;
    %jmp/0xz  T_3.0, 6;
    %vpi_call 2 14 "$display", "TESTBENCH FAILED: Expected %b, got %b Test 1 at time 0", v0x600000195560_0, v0x6000001954d0_0 {0 0 0};
    %vpi_call 2 15 "$finish" {0 0 0};
T_3.0 ;
    %delay 49, 0;
    %pushi/vec4 3, 0, 2;
    %store/vec4 v0x6000001953b0_0, 0, 2;
    %pushi/vec4 0, 0, 1;
    %store/vec4 v0x600000195440_0, 0, 1;
    %pushi/vec4 0, 0, 3;
    %store/vec4 v0x600000195560_0, 0, 3;
    %delay 1, 0;
    %pushi/vec4 1, 0, 2;
    %store/vec4 v0x6000001953b0_0, 0, 2;
    %pushi/vec4 1, 0, 1;
    %store/vec4 v0x600000195440_0, 0, 1;
    %pushi/vec4 0, 0, 3;
    %store/vec4 v0x600000195560_0, 0, 3;
    %delay 1, 0;
    %load/vec4 v0x6000001954d0_0;
    %load/vec4 v0x600000195560_0;
    %cmp/ne;
    %jmp/0xz  T_3.2, 6;
    %vpi_call 2 27 "$display", "TESTBENCH FAILED: Expected %b, got %b Test 3 at time 51", v0x600000195560_0, v0x6000001954d0_0 {0 0 0};
    %vpi_call 2 28 "$finish" {0 0 0};
T_3.2 ;
    %delay 48, 0;
    %pushi/vec4 0, 0, 2;
    %store/vec4 v0x6000001953b0_0, 0, 2;
    %pushi/vec4 1, 0, 1;
    %store/vec4 v0x600000195440_0, 0, 1;
    %pushi/vec4 0, 0, 3;
    %store/vec4 v0x600000195560_0, 0, 3;
    %delay 1, 0;
    %load/vec4 v0x6000001954d0_0;
    %load/vec4 v0x600000195560_0;
    %cmp/ne;
    %jmp/0xz  T_3.4, 6;
    %vpi_call 2 36 "$display", "TESTBENCH FAILED: Expected %b, got %b Test 4 at time 100", v0x600000195560_0, v0x6000001954d0_0 {0 0 0};
    %vpi_call 2 37 "$finish" {0 0 0};
T_3.4 ;
    %delay 49, 0;
    %pushi/vec4 1, 0, 2;
    %store/vec4 v0x6000001953b0_0, 0, 2;
    %pushi/vec4 1, 0, 1;
    %store/vec4 v0x600000195440_0, 0, 1;
    %pushi/vec4 1, 0, 3;
    %store/vec4 v0x600000195560_0, 0, 3;
    %delay 1, 0;
    %pushi/vec4 1, 0, 2;
    %store/vec4 v0x6000001953b0_0, 0, 2;
    %pushi/vec4 1, 0, 1;
    %store/vec4 v0x600000195440_0, 0, 1;
    %pushi/vec4 1, 0, 3;
    %store/vec4 v0x600000195560_0, 0, 3;
    %delay 1, 0;
    %load/vec4 v0x6000001954d0_0;
    %load/vec4 v0x600000195560_0;
    %cmp/ne;
    %jmp/0xz  T_3.6, 6;
    %vpi_call 2 49 "$display", "TESTBENCH FAILED: Expected %b, got %b Test 6 at time 151", v0x600000195560_0, v0x6000001954d0_0 {0 0 0};
    %vpi_call 2 50 "$finish" {0 0 0};
T_3.6 ;
    %delay 48, 0;
    %pushi/vec4 0, 0, 2;
    %store/vec4 v0x6000001953b0_0, 0, 2;
    %pushi/vec4 1, 0, 1;
    %store/vec4 v0x600000195440_0, 0, 1;
    %pushi/vec4 1, 0, 3;
    %store/vec4 v0x600000195560_0, 0, 3;
    %delay 1, 0;
    %load/vec4 v0x6000001954d0_0;
    %load/vec4 v0x600000195560_0;
    %cmp/ne;
    %jmp/0xz  T_3.8, 6;
    %vpi_call 2 58 "$display", "TESTBENCH FAILED: Expected %b, got %b Test 7 at time 200", v0x600000195560_0, v0x6000001954d0_0 {0 0 0};
    %vpi_call 2 59 "$finish" {0 0 0};
T_3.8 ;
    %delay 49, 0;
    %pushi/vec4 1, 0, 2;
    %store/vec4 v0x6000001953b0_0, 0, 2;
    %pushi/vec4 1, 0, 1;
    %store/vec4 v0x600000195440_0, 0, 1;
    %pushi/vec4 2, 0, 3;
    %store/vec4 v0x600000195560_0, 0, 3;
    %delay 1, 0;
    %pushi/vec4 1, 0, 2;
    %store/vec4 v0x6000001953b0_0, 0, 2;
    %pushi/vec4 0, 0, 1;
    %store/vec4 v0x600000195440_0, 0, 1;
    %pushi/vec4 2, 0, 3;
    %store/vec4 v0x600000195560_0, 0, 3;
    %delay 1, 0;
    %load/vec4 v0x6000001954d0_0;
    %load/vec4 v0x600000195560_0;
    %cmp/ne;
    %jmp/0xz  T_3.10, 6;
    %vpi_call 2 71 "$display", "TESTBENCH FAILED: Expected %b, got %b Test 9 at time 251", v0x600000195560_0, v0x6000001954d0_0 {0 0 0};
    %vpi_call 2 72 "$finish" {0 0 0};
T_3.10 ;
    %delay 48, 0;
    %pushi/vec4 0, 0, 2;
    %store/vec4 v0x6000001953b0_0, 0, 2;
    %pushi/vec4 0, 0, 1;
    %store/vec4 v0x600000195440_0, 0, 1;
    %pushi/vec4 2, 0, 3;
    %store/vec4 v0x600000195560_0, 0, 3;
    %delay 1, 0;
    %load/vec4 v0x6000001954d0_0;
    %load/vec4 v0x600000195560_0;
    %cmp/ne;
    %jmp/0xz  T_3.12, 6;
    %vpi_call 2 80 "$display", "TESTBENCH FAILED: Expected %b, got %b Test 10 at time 300", v0x600000195560_0, v0x6000001954d0_0 {0 0 0};
    %vpi_call 2 81 "$finish" {0 0 0};
T_3.12 ;
    %delay 49, 0;
    %pushi/vec4 1, 0, 2;
    %store/vec4 v0x6000001953b0_0, 0, 2;
    %pushi/vec4 0, 0, 1;
    %store/vec4 v0x600000195440_0, 0, 1;
    %pushi/vec4 2, 0, 3;
    %store/vec4 v0x600000195560_0, 0, 3;
    %delay 1, 0;
    %pushi/vec4 1, 0, 2;
    %store/vec4 v0x6000001953b0_0, 0, 2;
    %pushi/vec4 0, 0, 1;
    %store/vec4 v0x600000195440_0, 0, 1;
    %pushi/vec4 2, 0, 3;
    %store/vec4 v0x600000195560_0, 0, 3;
    %delay 1, 0;
    %load/vec4 v0x6000001954d0_0;
    %load/vec4 v0x600000195560_0;
    %cmp/ne;
    %jmp/0xz  T_3.14, 6;
    %vpi_call 2 93 "$display", "TESTBENCH FAILED: Expected %b, got %b Test 12 at time 351", v0x600000195560_0, v0x6000001954d0_0 {0 0 0};
    %vpi_call 2 94 "$finish" {0 0 0};
T_3.14 ;
    %delay 48, 0;
    %pushi/vec4 0, 0, 2;
    %store/vec4 v0x6000001953b0_0, 0, 2;
    %pushi/vec4 0, 0, 1;
    %store/vec4 v0x600000195440_0, 0, 1;
    %pushi/vec4 2, 0, 3;
    %store/vec4 v0x600000195560_0, 0, 3;
    %delay 1, 0;
    %load/vec4 v0x6000001954d0_0;
    %load/vec4 v0x600000195560_0;
    %cmp/ne;
    %jmp/0xz  T_3.16, 6;
    %vpi_call 2 102 "$display", "TESTBENCH FAILED: Expected %b, got %b Test 13 at time 400", v0x600000195560_0, v0x6000001954d0_0 {0 0 0};
    %vpi_call 2 103 "$finish" {0 0 0};
T_3.16 ;
    %delay 49, 0;
    %pushi/vec4 1, 0, 2;
    %store/vec4 v0x6000001953b0_0, 0, 2;
    %pushi/vec4 0, 0, 1;
    %store/vec4 v0x600000195440_0, 0, 1;
    %pushi/vec4 2, 0, 3;
    %store/vec4 v0x600000195560_0, 0, 3;
    %delay 1, 0;
    %pushi/vec4 1, 0, 2;
    %store/vec4 v0x6000001953b0_0, 0, 2;
    %pushi/vec4 1, 0, 1;
    %store/vec4 v0x600000195440_0, 0, 1;
    %pushi/vec4 2, 0, 3;
    %store/vec4 v0x600000195560_0, 0, 3;
    %delay 1, 0;
    %load/vec4 v0x6000001954d0_0;
    %load/vec4 v0x600000195560_0;
    %cmp/ne;
    %jmp/0xz  T_3.18, 6;
    %vpi_call 2 115 "$display", "TESTBENCH FAILED: Expected %b, got %b Test 15 at time 451", v0x600000195560_0, v0x6000001954d0_0 {0 0 0};
    %vpi_call 2 116 "$finish" {0 0 0};
T_3.18 ;
    %delay 48, 0;
    %pushi/vec4 0, 0, 2;
    %store/vec4 v0x6000001953b0_0, 0, 2;
    %pushi/vec4 1, 0, 1;
    %store/vec4 v0x600000195440_0, 0, 1;
    %pushi/vec4 2, 0, 3;
    %store/vec4 v0x600000195560_0, 0, 3;
    %delay 1, 0;
    %load/vec4 v0x6000001954d0_0;
    %load/vec4 v0x600000195560_0;
    %cmp/ne;
    %jmp/0xz  T_3.20, 6;
    %vpi_call 2 124 "$display", "TESTBENCH FAILED: Expected %b, got %b Test 16 at time 500", v0x600000195560_0, v0x6000001954d0_0 {0 0 0};
    %vpi_call 2 125 "$finish" {0 0 0};
T_3.20 ;
    %delay 49, 0;
    %pushi/vec4 1, 0, 2;
    %store/vec4 v0x6000001953b0_0, 0, 2;
    %pushi/vec4 1, 0, 1;
    %store/vec4 v0x600000195440_0, 0, 1;
    %pushi/vec4 3, 0, 3;
    %store/vec4 v0x600000195560_0, 0, 3;
    %delay 1, 0;
    %pushi/vec4 1, 0, 2;
    %store/vec4 v0x6000001953b0_0, 0, 2;
    %pushi/vec4 1, 0, 1;
    %store/vec4 v0x600000195440_0, 0, 1;
    %pushi/vec4 3, 0, 3;
    %store/vec4 v0x600000195560_0, 0, 3;
    %delay 1, 0;
    %load/vec4 v0x6000001954d0_0;
    %load/vec4 v0x600000195560_0;
    %cmp/ne;
    %jmp/0xz  T_3.22, 6;
    %vpi_call 2 137 "$display", "TESTBENCH FAILED: Expected %b, got %b Test 18 at time 551", v0x600000195560_0, v0x6000001954d0_0 {0 0 0};
    %vpi_call 2 138 "$finish" {0 0 0};
T_3.22 ;
    %delay 48, 0;
    %pushi/vec4 0, 0, 2;
    %store/vec4 v0x6000001953b0_0, 0, 2;
    %pushi/vec4 1, 0, 1;
    %store/vec4 v0x600000195440_0, 0, 1;
    %pushi/vec4 3, 0, 3;
    %store/vec4 v0x600000195560_0, 0, 3;
    %delay 1, 0;
    %load/vec4 v0x6000001954d0_0;
    %load/vec4 v0x600000195560_0;
    %cmp/ne;
    %jmp/0xz  T_3.24, 6;
    %vpi_call 2 146 "$display", "TESTBENCH FAILED: Expected %b, got %b Test 19 at time 600", v0x600000195560_0, v0x6000001954d0_0 {0 0 0};
    %vpi_call 2 147 "$finish" {0 0 0};
T_3.24 ;
    %delay 49, 0;
    %pushi/vec4 1, 0, 2;
    %store/vec4 v0x6000001953b0_0, 0, 2;
    %pushi/vec4 1, 0, 1;
    %store/vec4 v0x600000195440_0, 0, 1;
    %pushi/vec4 4, 0, 3;
    %store/vec4 v0x600000195560_0, 0, 3;
    %delay 1, 0;
    %pushi/vec4 1, 0, 2;
    %store/vec4 v0x6000001953b0_0, 0, 2;
    %pushi/vec4 1, 0, 1;
    %store/vec4 v0x600000195440_0, 0, 1;
    %pushi/vec4 4, 0, 3;
    %store/vec4 v0x600000195560_0, 0, 3;
    %delay 1, 0;
    %load/vec4 v0x6000001954d0_0;
    %load/vec4 v0x600000195560_0;
    %cmp/ne;
    %jmp/0xz  T_3.26, 6;
    %vpi_call 2 159 "$display", "TESTBENCH FAILED: Expected %b, got %b Test 21 at time 651", v0x600000195560_0, v0x6000001954d0_0 {0 0 0};
    %vpi_call 2 160 "$finish" {0 0 0};
T_3.26 ;
    %delay 48, 0;
    %pushi/vec4 0, 0, 2;
    %store/vec4 v0x6000001953b0_0, 0, 2;
    %pushi/vec4 1, 0, 1;
    %store/vec4 v0x600000195440_0, 0, 1;
    %pushi/vec4 4, 0, 3;
    %store/vec4 v0x600000195560_0, 0, 3;
    %delay 1, 0;
    %load/vec4 v0x6000001954d0_0;
    %load/vec4 v0x600000195560_0;
    %cmp/ne;
    %jmp/0xz  T_3.28, 6;
    %vpi_call 2 168 "$display", "TESTBENCH FAILED: Expected %b, got %b Test 22 at time 700", v0x600000195560_0, v0x6000001954d0_0 {0 0 0};
    %vpi_call 2 169 "$finish" {0 0 0};
T_3.28 ;
    %delay 49, 0;
    %pushi/vec4 0, 0, 2;
    %store/vec4 v0x6000001953b0_0, 0, 2;
    %pushi/vec4 1, 0, 1;
    %store/vec4 v0x600000195440_0, 0, 1;
    %pushi/vec4 4, 0, 3;
    %store/vec4 v0x600000195560_0, 0, 3;
    %vpi_call 2 175 "$display", "TESTBENCH OK" {0 0 0};
    %vpi_call 2 176 "$finish" {0 0 0};
    %end;
    .thread T_3;
# The file index is used to find the file name in the following table.
:file_names 3;
    "N/A";
    "<interactive>";
    "counter_test_tb.v";
